  main.cpp
C:\Users\Jackson\source\repos\questionable\questionable\esp.h(17,173): warning C4244: 'argument': conversion from 'double' to 'float', possible loss of data
  (compiling source file 'main.cpp')
  
C:\Users\Jackson\source\repos\questionable\questionable\esp.h(17,155): warning C4244: 'argument': conversion from 'double' to 'float', possible loss of data
  (compiling source file 'main.cpp')
  
C:\Users\Jackson\source\repos\questionable\questionable\esp.h(17,137): warning C4244: 'argument': conversion from 'double' to 'float', possible loss of data
  (compiling source file 'main.cpp')
  
C:\Users\Jackson\source\repos\questionable\questionable\esp.h(17,119): warning C4244: 'argument': conversion from 'double' to 'float', possible loss of data
  (compiling source file 'main.cpp')
  
C:\Users\Jackson\source\repos\questionable\questionable\esp.h(17,64): warning C4244: 'argument': conversion from 'int' to 'float', possible loss of data
  (compiling source file 'main.cpp')
  
C:\Users\Jackson\source\repos\questionable\questionable\esp.h(17,60): warning C4244: 'argument': conversion from 'int' to 'float', possible loss of data
  (compiling source file 'main.cpp')
  
C:\Users\Jackson\source\repos\questionable\questionable\esp.h(17,57): warning C4244: 'argument': conversion from 'int' to 'float', possible loss of data
  (compiling source file 'main.cpp')
  
C:\Users\Jackson\source\repos\questionable\questionable\main.cpp(94,9): warning C4477: 'printf' : format string '%p' requires an argument of type 'void *', but variadic argument 1 has type 'uintptr_t'
C:\Users\Jackson\source\repos\questionable\questionable\main.cpp(95,9): warning C4477: 'printf' : format string '%p' requires an argument of type 'void *', but variadic argument 1 has type 'uintptr_t'
C:\Users\Jackson\source\repos\questionable\questionable\main.cpp(96,19): warning C4244: 'initializing': conversion from 'uintptr_t' to 'DWORD', possible loss of data
  Generating code
  2 of 1756 functions ( 0.1%) were compiled, the rest were copied from previous compilation.
    0 functions were new in current compilation
    30 functions had inline decision re-evaluated but remain unchanged
  Finished generating code
  questionable.vcxproj -> C:\Users\Jackson\source\repos\questionable\x64\Release\questionable.exe
  'pwsh.exe' is not recognized as an internal or external command,
  operable program or batch file.
